[23:46:29] [main/INFO]: Environment: authHost='https://authserver.mojang.com', accountsHost='https://api.mojang.com', sessionHost='https://sessionserver.mojang.com', servicesHost='https://api.minecraftservices.com', name='PROD'
[23:46:29] [main/INFO]: Found new data pack file/bukkit, loading it automatically
[23:46:29] [main/INFO]: Reloading ResourceManager: Default, bukkit
[23:46:30] [Worker-Main-2/INFO]: Loaded 7 recipes
[23:46:31] [Server thread/INFO]: Starting minecraft server version 1.16.5
[23:46:31] [Server thread/INFO]: Loading properties
[23:46:31] [Server thread/INFO]: This server is running Paper version git-Paper-794 (MC: 1.16.5) (Implementing API version 1.16.5-R0.1-SNAPSHOT)
[23:46:31] [Server thread/INFO]: Debug logging is disabled
[23:46:31] [Server thread/INFO]: Server Ping Player Sample Count: 12
[23:46:31] [Server thread/INFO]: Using 4 threads for Netty based IO
[23:46:31] [Server thread/INFO]: Default game type: SURVIVAL
[23:46:31] [Server thread/INFO]: Generating keypair
[23:46:31] [Server thread/INFO]: Starting Minecraft server on *:25565
[23:46:31] [Server thread/INFO]: Using epoll channel type
[23:46:32] [Server thread/INFO]: [WorldEdit] Loading WorldEdit v7.2.5+57d5ac9
[23:46:32] [Server thread/INFO]: Got request to register class com.sk89q.worldedit.bukkit.BukkitServerInterface with WorldEdit [com.sk89q.worldedit.extension.platform.PlatformManager@2e1a8045]
[23:46:32] [Server thread/INFO]: [Permadeath] Loading Permadeath v1.3
[23:46:32] [Server thread/INFO]: [SkinsRestorer] Loading SkinsRestorer v15.5.1
[23:46:32] [Server thread/INFO]: [BlumesCompass] Loading BlumesCompass v1.0
[23:46:32] [Server thread/INFO]: Server permissions file permissions.yml is empty, ignoring it
[23:46:32] [Server thread/INFO]: [WorldEdit] Enabling WorldEdit v7.2.5+57d5ac9
[23:46:32] [Server thread/INFO]: WEPIF: Using the Bukkit Permissions API.
[23:46:33] [Server thread/INFO]: Using com.sk89q.worldedit.bukkit.adapter.impl.Spigot_v1_16_R3 as the Bukkit adapter
[23:46:34] [Server thread/INFO]: [Permadeath] Enabling Permadeath v1.3
[23:46:34] [Server thread/INFO]: [SkinsRestorer] Enabling SkinsRestorer v15.5.1
[23:46:34] [Server thread/WARN]: [33;1m[[32;22mSkinsRestorer[33;1m] [0;39m[33;1mYou must agree to the rules at 'commands.perSkinPermissionsConsent' in the config to use per skin permissions.[0;39m
[23:46:34] [Server thread/INFO]: [33;1m[[32;22mSkinsRestorer[33;1m] [0;39m[32;1mRunning on Minecraft [33;1m1.16.5[32;1m.[0;39m
[23:46:35] [Server thread/INFO]: [33;1m[[32;22mSkinsRestorer[33;1m] [0;39mUsing paper join listener![0;39m
[23:46:35] [Server thread/WARN]: [33;1m[[32;22mSkinsRestorer[33;1m] [0;39m[33;1m[33;1mYou are running an outdated Java version, please update it to at least Java 21 (your version is 11).[0;39m
[23:46:35] [Server thread/WARN]: [33;1m[[32;22mSkinsRestorer[33;1m] [0;39m[33;1m[33;1mSkinsRestorer no longer officially supports this version of Java, you are currently using an unsupported compatibility build.[0;39m
[23:46:35] [Server thread/WARN]: [33;1m[[32;22mSkinsRestorer[33;1m] [0;39m[33;1m[33;1mYou can still use the plugin, but you may encounter issues that are not present in newer versions of Java.[0;39m
[23:46:35] [Server thread/WARN]: **** SERVER IS RUNNING IN OFFLINE/INSECURE MODE!
[23:46:35] [Server thread/WARN]: The server will make no attempt to authenticate usernames. Beware.
[23:46:35] [Server thread/WARN]: While this makes the game possible to play without internet access, it also opens up the ability for hackers to connect with any username they choose.
[23:46:35] [Server thread/WARN]: To change this, set "online-mode" to "true" in the server.properties file.
[23:46:35] [Server thread/INFO]: Preparing level "world"
[23:46:35] [Server thread/INFO]: Registering commands with com.sk89q.worldedit.bukkit.BukkitServerInterface
[23:46:38] [Server thread/WARN]: Unable to find spawn biome
[23:46:39] [Server thread/WARN]: Unable to find spawn biome
[23:46:39] [Server thread/INFO]: Preparing start region for dimension minecraft:overworld
[23:46:39] [Worker-Main-2/INFO]: Preparing spawn area: 0%
[23:46:39] [Server thread/INFO]: Time elapsed: 425 ms
[23:46:39] [Server thread/INFO]: Preparing start region for dimension minecraft:the_nether
[23:46:39] [Worker-Main-2/INFO]: Preparing spawn area: 0%
[23:46:40] [Server thread/INFO]: Time elapsed: 428 ms
[23:46:40] [Server thread/INFO]: Preparing start region for dimension minecraft:the_end
[23:46:40] [Server thread/INFO]: Time elapsed: 438 ms
[23:46:40] [Server thread/INFO]: [BlumesCompass] Enabling BlumesCompass v1.0
[23:46:40] [Server thread/INFO]: Running delayed init tasks
[23:46:40] [Server thread/INFO]: Permadeath ➤ No se ha encontrado una librería JDA, deberás instalar una en caso de querer utilizar un bot de Discord.
[23:46:40] [Server thread/INFO]: Descarga aquí: https://www.spigotmc.org/resources/permadeath-%E2%98%A0%EF%B8%8F.112343/
[23:46:40] [Server thread/INFO]: Si no puedes descargarlo allí, únete a este Discord y te daremos acceso al enlace: https://discord.gg/8evPbuxPke
[23:46:40] [Server thread/INFO]: ------------------------------------------
[23:46:40] [Server thread/INFO]:              PERMADEATH
[23:46:40] [Server thread/INFO]:      - Versión: 1.3
[23:46:40] [Server thread/INFO]:      - Versión del Servidor: v1.16
[23:46:40] [Server thread/INFO]: ------------------------------------------
[23:46:40] [Server thread/INFO]:  >> INFORME DE ESTADO
[23:46:40] [Server thread/INFO]: > Estado de mundos: Overworld: world End: world_the_end
[23:46:40] [Server thread/INFO]:     > End: world_the_end
[23:46:40] [Server thread/INFO]:     > Overworld: world
[23:46:40] [Server thread/INFO]: > Estado de Compatibilidad: Compatible
[23:46:40] [Server thread/INFO]: > Software: PaperMC (Compatible)
[23:46:40] [Server thread/INFO]: > Cambios:
[23:46:40] [Server thread/INFO]: >   Días disponibles: 1-60
[23:46:41] [Server thread/INFO]: Done (9.522s)! For help, type "help"
[23:46:41] [Server thread/WARN]: [io.papermc.paper.util.PaperJvmChecker] ************************************************************
[23:46:41] [Server thread/WARN]: [io.papermc.paper.util.PaperJvmChecker] * WARNING - YOU ARE RUNNING AN OUTDATED VERSION OF JAVA.
[23:46:41] [Server thread/WARN]: [io.papermc.paper.util.PaperJvmChecker] * PAPER WILL STOP BEING COMPATIBLE WITH THIS VERSION OF
[23:46:41] [Server thread/WARN]: [io.papermc.paper.util.PaperJvmChecker] * JAVA WHEN MINECRAFT 1.17 IS RELEASED.
[23:46:41] [Server thread/WARN]: [io.papermc.paper.util.PaperJvmChecker] *
[23:46:41] [Server thread/WARN]: [io.papermc.paper.util.PaperJvmChecker] * Please update the version of Java you use to run Paper
[23:46:41] [Server thread/WARN]: [io.papermc.paper.util.PaperJvmChecker] * to at least Java 16. When Paper for Minecraft 1.17 is
[23:46:41] [Server thread/WARN]: [io.papermc.paper.util.PaperJvmChecker] * released support for versions of Java before 16 will
[23:46:41] [Server thread/WARN]: [io.papermc.paper.util.PaperJvmChecker] * be dropped.
[23:46:41] [Server thread/WARN]: [io.papermc.paper.util.PaperJvmChecker] *
[23:46:41] [Server thread/WARN]: [io.papermc.paper.util.PaperJvmChecker] * Current Java version: 11.0.25
[23:46:41] [Server thread/WARN]: [io.papermc.paper.util.PaperJvmChecker] *
[23:46:41] [Server thread/WARN]: [io.papermc.paper.util.PaperJvmChecker] * Check this forum post for more information: 
[23:46:41] [Server thread/WARN]: [io.papermc.paper.util.PaperJvmChecker] *   https://papermc.io/java16
[23:46:41] [Server thread/WARN]: [io.papermc.paper.util.PaperJvmChecker] ************************************************************
[23:46:41] [Server thread/INFO]: Timings Reset
[23:46:41] [Craft Scheduler Thread - 3/INFO]: [33;1m[[32;22mSkinsRestorer[33;1m] [0;39m[32;1m----------------------------------------------[0;39m
[23:46:41] [Craft Scheduler Thread - 3/INFO]: [33;1m[[32;22mSkinsRestorer[33;1m] [0;39m[32;1m    +==================+[0;39m
[23:46:41] [Craft Scheduler Thread - 3/INFO]: [33;1m[[32;22mSkinsRestorer[33;1m] [0;39m[32;1m    |   SkinsRestorer  |[0;39m
[23:46:41] [Craft Scheduler Thread - 3/INFO]: [33;1m[[32;22mSkinsRestorer[33;1m] [0;39m[32;1m    |------------------|[0;39m
[23:46:41] [Craft Scheduler Thread - 3/INFO]: [33;1m[[32;22mSkinsRestorer[33;1m] [0;39m[32;1m    |  [34;1m[4m[21mStandalone Mode[0;39m[32;1m |[0;39m
[23:46:41] [Craft Scheduler Thread - 3/INFO]: [33;1m[[32;22mSkinsRestorer[33;1m] [0;39m[32;1m    +==================+[0;39m
[23:46:41] [Craft Scheduler Thread - 3/INFO]: [33;1m[[32;22mSkinsRestorer[33;1m] [0;39m[32;1m----------------------------------------------[0;39m
[23:46:41] [Craft Scheduler Thread - 3/INFO]: [33;1m[[32;22mSkinsRestorer[33;1m] [0;39m[36;1m    Version: [32;1m15.5.1[0;39m
[23:46:41] [Craft Scheduler Thread - 3/INFO]: [33;1m[[32;22mSkinsRestorer[33;1m] [0;39m[36;1m    Commit: [32;1md5d8613[0;39m
[23:46:41] [Craft Scheduler Thread - 3/INFO]: [33;1m[[32;22mSkinsRestorer[33;1m] [0;39m[32;1m    This is the latest version![0;39m
[23:46:41] [Craft Scheduler Thread - 3/INFO]: [33;1m[[32;22mSkinsRestorer[33;1m] [0;39m[32;1m----------------------------------------------[0;39m
[23:46:41] [Craft Scheduler Thread - 3/INFO]: [33;1m[[32;22mSkinsRestorer[33;1m] [0;39m[34;1mDo you have issues? Read our troubleshooting guide: [33;1mhttps://skinsrestorer.net/docs/troubleshooting[0;39m
[23:46:41] [Craft Scheduler Thread - 3/INFO]: [33;1m[[32;22mSkinsRestorer[33;1m] [0;39m[34;1mWant to support SkinsRestorer? Consider donating: [33;1mhttps://skinsrestorer.net/donate[0;39m
[23:46:41] [Craft Scheduler Thread - 1/INFO]: Permadeath ➤ Versión del plugin: Versión más reciente instalada.
[23:47:04] [User Authenticator #1/INFO]: UUID of player RompOrTos is c5551972-6eb1-3fa6-b9af-c905864589e9
[23:47:05] [Server thread/INFO]: RompOrTos se ha unido al servidor.
[23:47:05] [Server thread/INFO]: RompOrTos[/127.173.251.120:53761] logged in with entity id 562 at ([world]128.5, 72.0, -61.5)
[23:48:16] [Server thread/INFO]: RompOrTos issued server command: /pdc dias
[23:48:29] [Server thread/INFO]: RompOrTos issued server command: /pdc help
[23:49:39] [Server thread/INFO]: RompOrTos issued server command: /pdc cambiardia 15
[23:49:39] [Server thread/INFO]: Se ha recargado el archivo de configuración y los mensajes.
[23:49:39] [Server thread/INFO]: Algunos cambios pueden requerir un reinicio para funcionar correctamente.
[23:49:39] [Server thread/INFO]: Nota importante: Algunos cambios pueden requerir un reinicio y la fecha puede no ser exacta.
[23:50:19] [Server thread/INFO]: RompOrTos issued server command: /pdc event
[23:50:35] [Server thread/INFO]: RompOrTos issued server command: /pdc give
[23:51:06] [Server thread/INFO]: RompOrTos issued server command: /pdc give infernalArmor
[23:52:29] [Server thread/INFO]: RompOrTos issued server command: /pdc give endrelic
[23:53:09] [Server thread/INFO]: RompOrTos lost connection: Disconnected
[23:53:09] [Server thread/INFO]: RompOrTos ha abandonado el servidor.
[23:53:31] [Server thread/INFO]: Stopping the server
[23:53:31] [Server thread/INFO]: Stopping server
[23:53:31] [Server thread/INFO]: [BlumesCompass] Disabling BlumesCompass v1.0
[23:53:31] [Server thread/INFO]: [SkinsRestorer] Disabling SkinsRestorer v15.5.1
[23:53:31] [Server thread/INFO]: [Permadeath] Disabling Permadeath v1.3
[23:53:31] [Server thread/INFO]: ------------------------------------------
[23:53:31] [Server thread/INFO]:              PERMADEATH
[23:53:31] [Server thread/INFO]:      - Desactivando el Plugin.
[23:53:31] [Server thread/INFO]: ------------------------------------------
[23:53:31] [Server thread/INFO]: [WorldEdit] Disabling WorldEdit v7.2.5+57d5ac9
[23:53:31] [Server thread/INFO]: Unregistering com.sk89q.worldedit.bukkit.BukkitServerInterface from WorldEdit
[23:53:31] [Server thread/INFO]: Saving players
[23:53:31] [Server thread/INFO]: Saving worlds
[23:53:31] [Server thread/INFO]: Saving chunks for level 'ServerLevel[world]'/minecraft:overworld
[23:53:32] [Server thread/INFO]: ThreadedAnvilChunkStorage (world): All chunks are saved
[23:53:32] [Server thread/INFO]: Saving chunks for level 'ServerLevel[world_nether]'/minecraft:the_nether
[23:53:32] [Server thread/INFO]: ThreadedAnvilChunkStorage (DIM-1): All chunks are saved
[23:53:32] [Server thread/INFO]: Saving chunks for level 'ServerLevel[world_the_end]'/minecraft:the_end
[23:53:32] [Server thread/INFO]: ThreadedAnvilChunkStorage (DIM1): All chunks are saved
[23:53:32] [Server thread/INFO]: ThreadedAnvilChunkStorage (world): All chunks are saved
[23:53:32] [Server thread/INFO]: ThreadedAnvilChunkStorage (DIM-1): All chunks are saved
[23:53:32] [Server thread/INFO]: ThreadedAnvilChunkStorage (DIM1): All chunks are saved
[23:53:33] [Server thread/INFO]: Flushing Chunk IO
[23:53:33] [Server thread/INFO]: Closing Thread Pool
[23:53:33] [Server thread/INFO]: Closing Server
